src/components/delivery/AdminDelivery.tsx(22,9): error TS6133: 'user' is declared but its value is never read.
src/components/LocationSelector.tsx(44,3): error TS6133: 'MapLocationPicker' is declared but its value is never read.
src/components/LocationSelector.tsx(99,10): error TS6133: 'isLoadingAddresses' is declared but its value is never read.
src/components/LocationSelector.tsx(107,10): error TS6133: 'showMapPicker' is declared but its value is never read.
src/components/LocationSelector.tsx(244,9): error TS6133: 'handleMapLocationSelect' is declared but its value is never read.
src/lib/supabase.ts(8,34): error TS2339: Property 'env' does not exist on type 'ImportMeta'.
src/lib/supabase.ts(9,39): error TS2339: Property 'env' does not exist on type 'ImportMeta'.
src/pages/categories.tsx(101,31): error TS2339: Property 'image_url' does not exist on type '{ id: string; name: string; name_en: string | null; slug: string; description: string | null; image_url: string | null; icon: string | null; parent_id: string | null; sort_order: number; is_active: boolean; created_at: string; updated_at: string; } | { ...; }'.
  Property 'image_url' does not exist on type '{ id: string; name: string; slug: string; icon: string; description: string; }'.
src/pages/categories.tsx(103,39): error TS2339: Property 'image_url' does not exist on type '{ id: string; name: string; name_en: string | null; slug: string; description: string | null; image_url: string | null; icon: string | null; parent_id: string | null; sort_order: number; is_active: boolean; created_at: string; updated_at: string; } | { ...; }'.
  Property 'image_url' does not exist on type '{ id: string; name: string; slug: string; icon: string; description: string; }'.
src/pages/category.tsx(124,30): error TS2339: Property 'original_price' does not exist on type 'ProductWithShop'.
src/pages/category.tsx(125,31): error TS2339: Property 'original_price' does not exist on type 'ProductWithShop'.
src/pages/category.tsx(132,58): error TS2339: Property 'original_price' does not exist on type 'ProductWithShop'.
src/pages/category.tsx(149,32): error TS2339: Property 'original_price' does not exist on type 'ProductWithShop'.
src/pages/category.tsx(150,33): error TS2339: Property 'original_price' does not exist on type 'ProductWithShop'.
src/pages/category.tsx(152,50): error TS2339: Property 'original_price' does not exist on type 'ProductWithShop'.
src/pages/checkout.tsx(62,9): error TS6133: 'navigate' is declared but its value is never read.
src/pages/dashboard.tsx(1,44): error TS6133: 'Navigate' is declared but its value is never read.
src/pages/dashboard.tsx(27,3): error TS6133: 'ShoppingBag' is declared but its value is never read.
src/pages/dashboard.tsx(2036,28): error TS2339: Property 'delivery_fee' does not exist on type '{ id: string; name: string; name_en: string | null; slug: string; is_active: boolean; created_at: string; updated_at: string; }'.
src/pages/dashboard.tsx(2059,30): error TS2339: Property 'update' does not exist on type '{ getAll(): Promise<{ id: string; name: string; name_en: string | null; slug: string; is_active: boolean; created_at: string; updated_at: string; }[]>; getById(id: string): Promise<{ id: string; ... 5 more ...; updated_at: string; } | null>; getDistricts(regionId: string): Promise<...>; getAllDistricts(): Promise<.....'.
src/pages/dashboard.tsx(2062,30): error TS2339: Property 'create' does not exist on type '{ getAll(): Promise<{ id: string; name: string; name_en: string | null; slug: string; is_active: boolean; created_at: string; updated_at: string; }[]>; getById(id: string): Promise<{ id: string; ... 5 more ...; updated_at: string; } | null>; getDistricts(regionId: string): Promise<...>; getAllDistricts(): Promise<.....'.
src/pages/dashboard.tsx(2081,28): error TS2339: Property 'delete' does not exist on type '{ getAll(): Promise<{ id: string; name: string; name_en: string | null; slug: string; is_active: boolean; created_at: string; updated_at: string; }[]>; getById(id: string): Promise<{ id: string; ... 5 more ...; updated_at: string; } | null>; getDistricts(regionId: string): Promise<...>; getAllDistricts(): Promise<.....'.
src/pages/dashboard.tsx(2143,57): error TS2339: Property 'delivery_fee' does not exist on type '{ id: string; name: string; name_en: string | null; slug: string; is_active: boolean; created_at: string; updated_at: string; }'.
src/pages/dashboard.tsx(2552,17): error TS2345: Argument of type '{ role: string; }' is not assignable to parameter of type 'never'.
src/pages/home.tsx(345,34): error TS2339: Property 'original_price' does not exist on type 'ProductWithShop | { id: string; name: string; price: number; original_price: number; image_url: string; shop: { name: string; }; } | { id: string; name: string; price: number; image_url: string; shop: { ...; }; original_price?: undefined; }'.
  Property 'original_price' does not exist on type 'ProductWithShop'.
src/pages/home.tsx(346,35): error TS2339: Property 'original_price' does not exist on type 'ProductWithShop | { id: string; name: string; price: number; original_price: number; image_url: string; shop: { name: string; }; } | { id: string; name: string; price: number; image_url: string; shop: { ...; }; original_price?: undefined; }'.
  Property 'original_price' does not exist on type 'ProductWithShop'.
src/pages/home.tsx(353,62): error TS2339: Property 'original_price' does not exist on type 'ProductWithShop | { id: string; name: string; price: number; original_price: number; image_url: string; shop: { name: string; }; } | { id: string; name: string; price: number; image_url: string; shop: { ...; }; original_price?: undefined; }'.
  Property 'original_price' does not exist on type 'ProductWithShop'.
src/pages/home.tsx(371,36): error TS2339: Property 'original_price' does not exist on type 'ProductWithShop | { id: string; name: string; price: number; original_price: number; image_url: string; shop: { name: string; }; } | { id: string; name: string; price: number; image_url: string; shop: { ...; }; original_price?: undefined; }'.
  Property 'original_price' does not exist on type 'ProductWithShop'.
src/pages/home.tsx(372,37): error TS2339: Property 'original_price' does not exist on type 'ProductWithShop | { id: string; name: string; price: number; original_price: number; image_url: string; shop: { name: string; }; } | { id: string; name: string; price: number; image_url: string; shop: { ...; }; original_price?: undefined; }'.
  Property 'original_price' does not exist on type 'ProductWithShop'.
src/pages/home.tsx(374,54): error TS2339: Property 'original_price' does not exist on type 'ProductWithShop | { id: string; name: string; price: number; original_price: number; image_url: string; shop: { name: string; }; } | { id: string; name: string; price: number; image_url: string; shop: { ...; }; original_price?: undefined; }'.
  Property 'original_price' does not exist on type 'ProductWithShop'.
src/pages/order.tsx(19,3): error TS6133: 'ExternalLink' is declared but its value is never read.
src/pages/order.tsx(33,7): error TS2741: Property 'READY_FOR_PICKUP' is missing in type '{ PLACED: LucideIcon; CONFIRMED: LucideIcon; PREPARING: LucideIcon; OUT_FOR_DELIVERY: LucideIcon; DELIVERED: LucideIcon; CANCELLED: LucideIcon; }' but required in type 'Record<OrderStatus, LucideIcon>'.
src/pages/order.tsx(50,7): error TS2741: Property 'READY_FOR_PICKUP' is missing in type '{ PLACED: string; CONFIRMED: string; PREPARING: string; OUT_FOR_DELIVERY: string; DELIVERED: string; CANCELLED: string; }' but required in type 'Record<OrderStatus, string>'.
src/pages/order.tsx(50,7): error TS6133: 'statusColors' is declared but its value is never read.
src/pages/order.tsx(301,31): error TS6133: 'isCurrent' is declared but its value is never read.
src/pages/order.tsx(377,63): error TS2551: Property 'product_price' does not exist on type '{ id: string; order_id: string; product_id: string; product_name: string; product_image: string | null; quantity: number; unit_price: number; total_price: number; created_at: string; }'. Did you mean 'product_id'?
src/pages/order.tsx(381,43): error TS2339: Property 'total' does not exist on type '{ id: string; order_id: string; product_id: string; product_name: string; product_image: string | null; quantity: number; unit_price: number; total_price: number; created_at: string; }'.
src/pages/order.tsx(415,32): error TS2339: Property 'delivery_phone' does not exist on type 'OrderWithItems'.
src/pages/order.tsx(420,24): error TS2339: Property 'notes' does not exist on type 'OrderWithItems'.
src/pages/order.tsx(427,57): error TS2339: Property 'notes' does not exist on type 'OrderWithItems'.
src/pages/orders.tsx(31,28): error TS6196: 'OrderWithItems' is declared but never used.
src/pages/orders.tsx(33,7): error TS2741: Property 'READY_FOR_PICKUP' is missing in type '{ PLACED: "placed"; CONFIRMED: "confirmed"; PREPARING: "preparing"; OUT_FOR_DELIVERY: "outForDelivery"; DELIVERED: "delivered"; CANCELLED: "cancelled"; }' but required in type 'Record<OrderStatus, "placed" | "confirmed" | "preparing" | "outForDelivery" | "delivered" | "cancelled">'.
src/pages/orders.tsx(50,7): error TS2741: Property 'READY_FOR_PICKUP' is missing in type '{ PLACED: LucideIcon; CONFIRMED: LucideIcon; PREPARING: LucideIcon; OUT_FOR_DELIVERY: LucideIcon; DELIVERED: LucideIcon; CANCELLED: LucideIcon; }' but required in type 'Record<OrderStatus, LucideIcon>'.
src/pages/orders.tsx(99,11): error TS2741: Property 'READY_FOR_PICKUP' is missing in type '{ PLACED: number; CONFIRMED: number; PREPARING: number; OUT_FOR_DELIVERY: number; DELIVERED: number; CANCELLED: number; }' but required in type 'Record<OrderStatus, number>'.
src/pages/product.tsx(13,1): error TS6192: All imports in import declaration are unused.
src/pages/product.tsx(22,26): error TS6133: 'StarRating' is declared but its value is never read.
src/pages/product.tsx(92,28): error TS2339: Property 'original_price' does not exist on type 'ProductWithShop'.
src/pages/product.tsx(93,47): error TS2339: Property 'original_price' does not exist on type 'ProductWithShop'.
src/pages/product.tsx(196,24): error TS2339: Property 'original_price' does not exist on type 'ProductWithShop'.
src/pages/product.tsx(197,25): error TS2339: Property 'original_price' does not exist on type 'ProductWithShop'.
src/pages/product.tsx(199,42): error TS2339: Property 'original_price' does not exist on type 'ProductWithShop'.
src/pages/products.tsx(4,31): error TS6133: 'Filter' is declared but its value is never read.
src/pages/products.tsx(142,32): error TS2339: Property 'original_price' does not exist on type 'ProductWithShop'.
src/pages/products.tsx(143,33): error TS2339: Property 'original_price' does not exist on type 'ProductWithShop'.
src/pages/products.tsx(150,60): error TS2339: Property 'original_price' does not exist on type 'ProductWithShop'.
src/pages/products.tsx(167,34): error TS2339: Property 'original_price' does not exist on type 'ProductWithShop'.
src/pages/products.tsx(168,35): error TS2339: Property 'original_price' does not exist on type 'ProductWithShop'.
src/pages/products.tsx(170,52): error TS2339: Property 'original_price' does not exist on type 'ProductWithShop'.
src/pages/products.tsx(214,36): error TS2339: Property 'original_price' does not exist on type 'ProductWithShop'.
src/pages/products.tsx(215,37): error TS2339: Property 'original_price' does not exist on type 'ProductWithShop'.
src/pages/products.tsx(217,54): error TS2339: Property 'original_price' does not exist on type 'ProductWithShop'.
src/pages/register.tsx(18,16): error TS6133: 'TabsContent' is declared but its value is never read.
src/pages/shop.tsx(3,17): error TS6133: 'Star' is declared but its value is never read.
src/pages/shop.tsx(170,34): error TS2339: Property 'original_price' does not exist on type 'ProductWithShop'.
src/pages/shop.tsx(171,35): error TS2339: Property 'original_price' does not exist on type 'ProductWithShop'.
src/pages/shop.tsx(188,36): error TS2339: Property 'original_price' does not exist on type 'ProductWithShop'.
src/pages/shop.tsx(189,37): error TS2339: Property 'original_price' does not exist on type 'ProductWithShop'.
src/pages/shop.tsx(191,54): error TS2339: Property 'original_price' does not exist on type 'ProductWithShop'.
src/pages/shops.tsx(128,31): error TS2339: Property 'logo_url' does not exist on type '{ id: string; owner_id: string; region_id: string; district_id: string | null; name: string; name_en: string | null; slug: string; description: string | null; logo_url: string | null; ... 14 more ...; updated_at: string; } | { ...; }'.
  Property 'logo_url' does not exist on type '{ id: string; name: string; slug: string; description: string; rating: number; total_orders: number; is_open: boolean; }'.
src/pages/shops.tsx(130,39): error TS2339: Property 'logo_url' does not exist on type '{ id: string; owner_id: string; region_id: string; district_id: string | null; name: string; name_en: string | null; slug: string; description: string | null; logo_url: string | null; ... 14 more ...; updated_at: string; } | { ...; }'.
  Property 'logo_url' does not exist on type '{ id: string; name: string; slug: string; description: string; rating: number; total_orders: number; is_open: boolean; }'.
src/services/auth.service.ts(40,19): error TS2345: Argument of type '{ phone?: string | undefined; role?: UserRole | undefined; }' is not assignable to parameter of type 'never'.
src/services/auth.service.ts(75,12): error TS2769: No overload matches this call.
  Overload 1 of 2, '(values: never, options?: { count?: "exact" | "planned" | "estimated" | undefined; } | undefined): PostgrestFilterBuilder<{ PostgrestVersion: "12"; }, never, never, null, "profiles", never, "POST">', gave the following error.
    Argument of type '{ id: string; email: string; full_name: any; role: string; }' is not assignable to parameter of type 'never'.
  Overload 2 of 2, '(values: never[], options?: { count?: "exact" | "planned" | "estimated" | undefined; defaultToNull?: boolean | undefined; } | undefined): PostgrestFilterBuilder<{ PostgrestVersion: "12"; }, never, never, null, "profiles", never, "POST">', gave the following error.
    Object literal may only specify known properties, and 'id' does not exist in type 'never[]'.
src/services/auth.service.ts(118,15): error TS2345: Argument of type 'Partial<{ id: string; email: string; full_name: string; phone: string | null; role: UserRole; avatar_url: string | null; created_at: string; updated_at: string; }>' is not assignable to parameter of type 'never'.
src/services/catalog.service.ts(47,15): error TS2769: No overload matches this call.
  Overload 1 of 2, '(values: never, options?: { count?: "exact" | "planned" | "estimated" | undefined; } | undefined): PostgrestFilterBuilder<{ PostgrestVersion: "12"; }, never, never, null, "categories", never, "POST">', gave the following error.
    Argument of type 'Omit<{ id: string; name: string; name_en: string | null; slug: string; description: string | null; image_url: string | null; icon: string | null; parent_id: string | null; sort_order: number; is_active: boolean; created_at: string; updated_at: string; }, "id" | ... 1 more ... | "updated_at">' is not assignable to parameter of type 'never'.
  Overload 2 of 2, '(values: never[], options?: { count?: "exact" | "planned" | "estimated" | undefined; defaultToNull?: boolean | undefined; } | undefined): PostgrestFilterBuilder<{ PostgrestVersion: "12"; }, never, never, null, "categories", never, "POST">', gave the following error.
    Argument of type 'Omit<{ id: string; name: string; name_en: string | null; slug: string; description: string | null; image_url: string | null; icon: string | null; parent_id: string | null; sort_order: number; is_active: boolean; created_at: string; updated_at: string; }, "id" | ... 1 more ... | "updated_at">' is not assignable to parameter of type 'never[]'.
      Type 'Omit<{ id: string; name: string; name_en: string | null; slug: string; description: string | null; image_url: string | null; icon: string | null; parent_id: string | null; sort_order: number; is_active: boolean; created_at: string; updated_at: string; }, "id" | ... 1 more ... | "updated_at">' is missing the following properties from type 'never[]': length, pop, push, concat, and 29 more.
src/services/catalog.service.ts(58,15): error TS2345: Argument of type 'Partial<{ id: string; name: string; name_en: string | null; slug: string; description: string | null; image_url: string | null; icon: string | null; parent_id: string | null; sort_order: number; is_active: boolean; created_at: string; updated_at: string; }>' is not assignable to parameter of type 'never'.
src/services/catalog.service.ts(178,15): error TS2769: No overload matches this call.
  Overload 1 of 2, '(values: never, options?: { count?: "exact" | "planned" | "estimated" | undefined; } | undefined): PostgrestFilterBuilder<{ PostgrestVersion: "12"; }, never, never, null, "products", never, "POST">', gave the following error.
    Argument of type 'Omit<{ id: string; shop_id: string; category_id: string; name: string; name_en: string | null; slug: string; description: string | null; price: number; compare_at_price: number | null; cost_price: number | null; ... 13 more ...; updated_at: string; }, "id" | ... 1 more ... | "updated_at">' is not assignable to parameter of type 'never'.
  Overload 2 of 2, '(values: never[], options?: { count?: "exact" | "planned" | "estimated" | undefined; defaultToNull?: boolean | undefined; } | undefined): PostgrestFilterBuilder<{ PostgrestVersion: "12"; }, never, never, null, "products", never, "POST">', gave the following error.
    Argument of type 'Omit<{ id: string; shop_id: string; category_id: string; name: string; name_en: string | null; slug: string; description: string | null; price: number; compare_at_price: number | null; cost_price: number | null; ... 13 more ...; updated_at: string; }, "id" | ... 1 more ... | "updated_at">' is not assignable to parameter of type 'never[]'.
      Type 'Omit<{ id: string; shop_id: string; category_id: string; name: string; name_en: string | null; slug: string; description: string | null; price: number; compare_at_price: number | null; cost_price: number | null; ... 13 more ...; updated_at: string; }, "id" | ... 1 more ... | "updated_at">' is missing the following properties from type 'never[]': length, pop, push, concat, and 29 more.
src/services/catalog.service.ts(189,15): error TS2345: Argument of type 'Partial<{ id: string; shop_id: string; category_id: string; name: string; name_en: string | null; slug: string; description: string | null; price: number; compare_at_price: number | null; cost_price: number | null; ... 13 more ...; updated_at: string; }>' is not assignable to parameter of type 'never'.
src/services/catalog.service.ts(282,15): error TS2769: No overload matches this call.
  Overload 1 of 2, '(values: never, options?: { count?: "exact" | "planned" | "estimated" | undefined; } | undefined): PostgrestFilterBuilder<{ PostgrestVersion: "12"; }, never, never, null, "shops", never, "POST">', gave the following error.
    Argument of type 'Omit<{ id: string; owner_id: string; region_id: string; district_id: string | null; name: string; name_en: string | null; slug: string; description: string | null; logo_url: string | null; ... 14 more ...; updated_at: string; }, "id" | ... 3 more ... | "updated_at">' is not assignable to parameter of type 'never'.
  Overload 2 of 2, '(values: never[], options?: { count?: "exact" | "planned" | "estimated" | undefined; defaultToNull?: boolean | undefined; } | undefined): PostgrestFilterBuilder<{ PostgrestVersion: "12"; }, never, never, null, "shops", never, "POST">', gave the following error.
    Argument of type 'Omit<{ id: string; owner_id: string; region_id: string; district_id: string | null; name: string; name_en: string | null; slug: string; description: string | null; logo_url: string | null; ... 14 more ...; updated_at: string; }, "id" | ... 3 more ... | "updated_at">' is not assignable to parameter of type 'never[]'.
      Type 'Omit<{ id: string; owner_id: string; region_id: string; district_id: string | null; name: string; name_en: string | null; slug: string; description: string | null; logo_url: string | null; ... 14 more ...; updated_at: string; }, "id" | ... 3 more ... | "updated_at">' is missing the following properties from type 'never[]': length, pop, push, concat, and 29 more.
src/services/catalog.service.ts(293,15): error TS2345: Argument of type 'Partial<{ id: string; owner_id: string; region_id: string; district_id: string | null; name: string; name_en: string | null; slug: string; description: string | null; logo_url: string | null; ... 14 more ...; updated_at: string; }>' is not assignable to parameter of type 'never'.
src/services/catalog.service.ts(419,17): error TS2345: Argument of type '{ is_default: boolean; }' is not assignable to parameter of type 'never'.
src/services/catalog.service.ts(425,15): error TS2769: No overload matches this call.
  Overload 1 of 2, '(values: never, options?: { count?: "exact" | "planned" | "estimated" | undefined; } | undefined): PostgrestFilterBuilder<{ PostgrestVersion: "12"; }, never, never, null, "addresses", never, "POST">', gave the following error.
    Argument of type '{ user_id: string; label: string; address: string; district_id?: string | null | undefined; phone?: string | null | undefined; is_default?: boolean | undefined; }' is not assignable to parameter of type 'never'.
  Overload 2 of 2, '(values: never[], options?: { count?: "exact" | "planned" | "estimated" | undefined; defaultToNull?: boolean | undefined; } | undefined): PostgrestFilterBuilder<{ PostgrestVersion: "12"; }, never, never, null, "addresses", never, "POST">', gave the following error.
    Argument of type '{ user_id: string; label: string; address: string; district_id?: string | null | undefined; phone?: string | null | undefined; is_default?: boolean | undefined; }' is not assignable to parameter of type 'never[]'.
      Type '{ user_id: string; label: string; address: string; district_id?: string | null | undefined; phone?: string | null | undefined; is_default?: boolean | undefined; }' is missing the following properties from type 'never[]': length, pop, push, concat, and 29 more.
src/services/catalog.service.ts(442,17): error TS2345: Argument of type '{ is_default: boolean; }' is not assignable to parameter of type 'never'.
src/services/catalog.service.ts(449,15): error TS2345: Argument of type 'Partial<Omit<{ id: string; user_id: string; label: string; address: string; district_id: string | null; phone: string | null; is_default: boolean; created_at: string; updated_at: string; }, "id" | "created_at" | "user_id">>' is not assignable to parameter of type 'never'.
src/services/catalog.service.ts(473,15): error TS2345: Argument of type '{ is_default: boolean; }' is not assignable to parameter of type 'never'.
src/services/catalog.service.ts(479,15): error TS2345: Argument of type '{ is_default: boolean; }' is not assignable to parameter of type 'never'.
src/services/order.service.ts(35,14): error TS2352: Conversion of type 'null' to type 'CartWithItems' may be a mistake because neither type sufficiently overlaps with the other. If this was intentional, convert the expression to 'unknown' first.
  Type 'null' is not comparable to type '{ id: string; user_id: string; shop_id: string | null; created_at: string; updated_at: string; }'.
src/services/order.service.ts(63,10): error TS2769: No overload matches this call.
  Overload 1 of 2, '(values: never, options?: { count?: "exact" | "planned" | "estimated" | undefined; } | undefined): PostgrestFilterBuilder<{ PostgrestVersion: "12"; }, never, never, null, "carts", never, "POST">', gave the following error.
    Argument of type '{ user_id: string; shop_id: string; }' is not assignable to parameter of type 'never'.
  Overload 2 of 2, '(values: never[], options?: { count?: "exact" | "planned" | "estimated" | undefined; defaultToNull?: boolean | undefined; } | undefined): PostgrestFilterBuilder<{ PostgrestVersion: "12"; }, never, never, null, "carts", never, "POST">', gave the following error.
    Object literal may only specify known properties, and 'user_id' does not exist in type 'never[]'.
src/services/order.service.ts(75,22): error TS18047: 'cart' is possibly 'null'.
src/services/order.service.ts(83,17): error TS2345: Argument of type '{ quantity: any; }' is not assignable to parameter of type 'never'.
src/services/order.service.ts(83,42): error TS2339: Property 'quantity' does not exist on type 'never'.
src/services/order.service.ts(84,32): error TS2339: Property 'id' does not exist on type 'never'.
src/services/order.service.ts(95,8): error TS2769: No overload matches this call.
  Overload 1 of 2, '(values: never, options?: { count?: "exact" | "planned" | "estimated" | undefined; } | undefined): PostgrestFilterBuilder<{ PostgrestVersion: "12"; }, never, never, null, "cart_items", never, "POST">', gave the following error.
    Argument of type '{ cart_id: any; product_id: string; quantity: number; }' is not assignable to parameter of type 'never'.
  Overload 2 of 2, '(values: never[], options?: { count?: "exact" | "planned" | "estimated" | undefined; defaultToNull?: boolean | undefined; } | undefined): PostgrestFilterBuilder<{ PostgrestVersion: "12"; }, never, never, null, "cart_items", never, "POST">', gave the following error.
    Object literal may only specify known properties, and 'cart_id' does not exist in type 'never[]'.
src/services/order.service.ts(96,18): error TS18047: 'cart' is possibly 'null'.
src/services/order.service.ts(118,15): error TS2345: Argument of type '{ quantity: number; }' is not assignable to parameter of type 'never'.
src/services/order.service.ts(144,69): error TS2339: Property 'id' does not exist on type 'never'.
src/services/order.service.ts(145,59): error TS2339: Property 'id' does not exist on type 'never'.
src/services/order.service.ts(196,8): error TS2769: No overload matches this call.
  Overload 1 of 2, '(values: never, options?: { count?: "exact" | "planned" | "estimated" | undefined; } | undefined): PostgrestFilterBuilder<{ PostgrestVersion: "12"; }, never, never, null, "orders", never, "POST">', gave the following error.
    Argument of type '{ order_number: string; user_id: string; shop_id: string; status: string; subtotal: number; delivery_fee: number; total: number; customer_name: string; customer_phone: string; delivery_address: string; delivery_notes: string | null; }' is not assignable to parameter of type 'never'.
  Overload 2 of 2, '(values: never[], options?: { count?: "exact" | "planned" | "estimated" | undefined; defaultToNull?: boolean | undefined; } | undefined): PostgrestFilterBuilder<{ PostgrestVersion: "12"; }, never, never, null, "orders", never, "POST">', gave the following error.
    Object literal may only specify known properties, and 'order_number' does not exist in type 'never[]'.
src/services/order.service.ts(216,23): error TS2339: Property 'id' does not exist on type 'never'.
src/services/order.service.ts(226,15): error TS2769: No overload matches this call.
  Overload 1 of 2, '(values: never, options?: { count?: "exact" | "planned" | "estimated" | undefined; } | undefined): PostgrestFilterBuilder<{ PostgrestVersion: "12"; }, never, never, null, "order_items", never, "POST">', gave the following error.
    Argument of type '{ order_id: any; product_id: string; product_name: string; unit_price: number; quantity: number; total_price: number; }[]' is not assignable to parameter of type 'never'.
  Overload 2 of 2, '(values: never[], options?: { count?: "exact" | "planned" | "estimated" | undefined; defaultToNull?: boolean | undefined; } | undefined): PostgrestFilterBuilder<{ PostgrestVersion: "12"; }, never, never, null, "order_items", never, "POST">', gave the following error.
    Argument of type '{ order_id: any; product_id: string; product_name: string; unit_price: number; quantity: number; total_price: number; }[]' is not assignable to parameter of type 'never[]'.
      Type '{ order_id: any; product_id: string; product_name: string; unit_price: number; quantity: number; total_price: number; }' is not assignable to type 'never'.
src/services/order.service.ts(231,49): error TS2769: No overload matches this call.
  Overload 1 of 2, '(values: never, options?: { count?: "exact" | "planned" | "estimated" | undefined; } | undefined): PostgrestFilterBuilder<{ PostgrestVersion: "12"; }, never, never, null, "order_status_history", never, "POST">', gave the following error.
    Argument of type '{ order_id: any; status: string; created_by: string; }' is not assignable to parameter of type 'never'.
  Overload 2 of 2, '(values: never[], options?: { count?: "exact" | "planned" | "estimated" | undefined; defaultToNull?: boolean | undefined; } | undefined): PostgrestFilterBuilder<{ PostgrestVersion: "12"; }, never, never, null, "order_status_history", never, "POST">', gave the following error.
    Object literal may only specify known properties, and 'order_id' does not exist in type 'never[]'.
src/services/order.service.ts(232,23): error TS2339: Property 'id' does not exist on type 'never'.
src/services/order.service.ts(330,15): error TS2345: Argument of type '{ delivery_user_id: string; }' is not assignable to parameter of type 'never'.
src/services/order.service.ts(363,37): error TS2339: Property 'status' does not exist on type 'never'.
src/services/order.service.ts(371,15): error TS2345: Argument of type '{ status: OrderStatus; }' is not assignable to parameter of type 'never'.
src/services/order.service.ts(379,49): error TS2769: No overload matches this call.
  Overload 1 of 2, '(values: never, options?: { count?: "exact" | "planned" | "estimated" | undefined; } | undefined): PostgrestFilterBuilder<{ PostgrestVersion: "12"; }, never, never, null, "order_status_history", never, "POST">', gave the following error.
    Argument of type '{ order_id: string; status: OrderStatus; notes: string | undefined; created_by: string; }' is not assignable to parameter of type 'never'.
  Overload 2 of 2, '(values: never[], options?: { count?: "exact" | "planned" | "estimated" | undefined; defaultToNull?: boolean | undefined; } | undefined): PostgrestFilterBuilder<{ PostgrestVersion: "12"; }, never, never, null, "order_status_history", never, "POST">', gave the following error.
    Object literal may only specify known properties, and 'order_id' does not exist in type 'never[]'.
src/services/review.service.ts(44,52): error TS2339: Property 'rating' does not exist on type 'never'.
src/services/review.service.ts(50,13): error TS2339: Property 'rating' does not exist on type 'never'.
src/services/review.service.ts(50,30): error TS2339: Property 'rating' does not exist on type 'never'.
src/services/review.service.ts(51,24): error TS2339: Property 'rating' does not exist on type 'never'.
src/services/review.service.ts(118,32): error TS2339: Property 'order_id' does not exist on type 'never'.
src/services/review.service.ts(129,15): error TS2769: No overload matches this call.
  Overload 1 of 2, '(values: never, options?: { count?: "exact" | "planned" | "estimated" | undefined; } | undefined): PostgrestFilterBuilder<{ PostgrestVersion: "12"; }, never, never, null, "reviews", never, "POST">', gave the following error.
    Argument of type '{ id?: string | undefined; user_id: string; product_id: string; order_id?: string | null | undefined; rating: number; title?: string | null | undefined; comment?: string | null | undefined; is_verified_purchase?: boolean | undefined; helpful_count?: number | undefined; created_at?: string | undefined; updated_at?: s...' is not assignable to parameter of type 'never'.
  Overload 2 of 2, '(values: never[], options?: { count?: "exact" | "planned" | "estimated" | undefined; defaultToNull?: boolean | undefined; } | undefined): PostgrestFilterBuilder<{ PostgrestVersion: "12"; }, never, never, null, "reviews", never, "POST">', gave the following error.
    Argument of type '{ id?: string | undefined; user_id: string; product_id: string; order_id?: string | null | undefined; rating: number; title?: string | null | undefined; comment?: string | null | undefined; is_verified_purchase?: boolean | undefined; helpful_count?: number | undefined; created_at?: string | undefined; updated_at?: s...' is not assignable to parameter of type 'never[]'.
      Type '{ id?: string | undefined; user_id: string; product_id: string; order_id?: string | null | undefined; rating: number; title?: string | null | undefined; comment?: string | null | undefined; is_verified_purchase?: boolean | undefined; helpful_count?: number | undefined; created_at?: string | undefined; updated_at?: s...' is missing the following properties from type 'never[]': length, pop, push, concat, and 29 more.
src/services/review.service.ts(145,15): error TS2345: Argument of type 'Partial<{ id: string; user_id: string; product_id: string; order_id: string | null; rating: number; title: string | null; comment: string | null; is_verified_purchase: boolean; helpful_count: number; created_at: string; updated_at: string; }>' is not assignable to parameter of type 'never'.
src/services/review.service.ts(169,69): error TS2345: Argument of type '{ review_id: string; }' is not assignable to parameter of type 'undefined'.
src/services/review.service.ts(184,19): error TS2345: Argument of type '{ helpful_count: any; }' is not assignable to parameter of type 'never'.
src/services/review.service.ts(184,44): error TS2339: Property 'helpful_count' does not exist on type 'never'.
src/services/review.service.ts(206,32): error TS2339: Property 'shop_id' does not exist on type 'never'.
src/services/review.service.ts(210,52): error TS2339: Property 'id' does not exist on type 'never'.
src/services/review.service.ts(220,19): error TS2345: Argument of type '{ rating: number; total_ratings: number; }' is not assignable to parameter of type 'never'.
src/services/review.service.ts(221,29): error TS2339: Property 'shop_id' does not exist on type 'never'.
src/services/review.service.ts(227,44): error TS2339: Property 'rating' does not exist on type 'never'.
src/services/review.service.ts(231,17): error TS2345: Argument of type '{ rating: number; total_ratings: number; }' is not assignable to parameter of type 'never'.
src/services/review.service.ts(235,27): error TS2339: Property 'shop_id' does not exist on type 'never'.
src/services/review.service.ts(252,22): error TS2339: Property 'rating' does not exist on type 'never'.
src/services/review.service.ts(253,20): error TS2339: Property 'total_ratings' does not exist on type 'never'.
src/store/app-context.tsx(1,8): error TS6133: 'React' is declared but its value is never read.
